Comp: TimeOfDayManager
    Field k_cloudsEnabled = false
    Field _timeOfDayDefList = System.Collections.Generic.List`1[TimeOfDay.TimeOfDayDef]
    Field _weatherDefList = System.Collections.Generic.List`1[TimeOfDay.WeatherDef]
    Field _weatherTransitionDuration_gameMins = 30
    Field _overrideWeatherTransition = false
    Field _maxNonNormalWeatherTime_gameMins = 400
    Field _rainMaxEmissionRate = 6000
    Field _rainSplashMaxEmissionRate = 400
    Field _rainWindForce = 100
    Field _rainWindLerpDuration = 0.5
    Field _rainGravity = 50
    Field _sunAngle = 300
    Field _moonRotationX = 90
    Field _moonRotationY = 85
    Field _sunBiasWhenSharedLight = 0.5
    Field _biasInfluenceWhenSharedLight = 0
    Field _cameraObjectComponent = MainCamera (UnityEngine.Camera)
    Field _cycleSpeed = 1
    Field _lightingEnabled = true
    Field _timePassingMultiplierIfInPrecinct = 0.02
    Field _overrideGradualWind = false
    Field _gradualWindAngleCurrent = 1.6115485
    Field _gradualWindAngleChangeDuration_gameMins = 100
    Field _gradualWindAngleChangeRange = 90
    Field _gradualWindIntensity = 0.2
    Field _gradualWindInfluenceOnVarying = 1
    Field _cloudWindSpeedMin = 0.002
    Field _cloudWindSpeedMax = 0.003
    Field _windZonePrimaryForceRange = (3.82, 0.00)
    Field _windZonePulseFrequencyRange = (3.82, 0.00)
    Field _windZonePulseMagnitudeRange = (3.82, 0.00)
    Field _windZoneTurbulenceRange = (3.82, 0.00)
    Field _terrainWetnessLerpDuration = 3
    Field _wetShaderMinimumWetness = 0.245
    Field sunObject = null
    Field _sunLight = SunLight (UnityEngine.Light)
    Field _moonLight = MoonLight (UnityEngine.Light)
    Field _lightningColor = RGBA(4.266, 0.000, 0.000, 0.000)
    Field _cloudShadow = ScreenSpaceCloudShadow (ScreenSpaceCloudShadow)
    Field _foliageSettings = Foliage Settings (SetupAdvancedFoliageShader)
    Field _timeStartVolume = TimeStartVolume (UnityEngine.Rendering.PostProcessing.PostProcessVolume)
    Field _timeEndVolume = TimeEndVolume (UnityEngine.Rendering.PostProcessing.PostProcessVolume)
    Field _weatherStartVolume = WeatherStartVolume (UnityEngine.Rendering.PostProcessing.PostProcessVolume)
    Field _weatherEndVolume = WeatherEndVolume (UnityEngine.Rendering.PostProcessing.PostProcessVolume)
    Field _overrideVolume = OverlayVolume (UnityEngine.Rendering.PostProcessing.PostProcessVolume)
    Field _playerEffectsVolume = PlayerEffectsVolume (UnityEngine.Rendering.PostProcessing.PostProcessVolume)
    Field _auraSettingsFile = Police_Aura_Settings (Aura2API.AuraBaseSettings)
    Field _ambientVolume = 1
    Field _ambientVolumeInsideVehicle = 0.7
    Field _ambientSoundTransitionDuration = 1
    Field k_lastTimeOfDayPoint = nightEnd
    Field k_timeOfDayPointCoreNum = 11
    Field k_timeOfDayPointNum = 16
    Field _previousWeatherType = normal
    Field _previousWeatherIsMidTransition = false
    Field _forecastWeatherType = normal
    Field _weatherTransition = 1
    Field _dayCounter = 0
    Field _dayOfMonth = 1
    Field _month = July
    Field _year = 2017
    Field _date = 1/3/0001 4:45:48 AM
    Field _dayLengthInMinutes = 120
    Field _startTimeHours = 20
    Field _startTimeMinutes = 0
    Field _environmentReflectionMode = Off
    Field _screenSpaceReflectionsMinBoost = 1
    Field _screenSpaceReflectionsMaxBoost = 2
    Field _skyMaterial = Skybox Blending (UnityEngine.Material)
    Field _timeOfDayScalar = 0.089314125
    Field _timeOfDayHour = 2.143539
    Field _timeOfDayCanChange = true
    Field _timeStopped = false
    Field _staticWeather = false
    Field _dynamicSnowEnabled = false
    Field _useRainSplashes = false
    Field _rainParticles = Rain (UnityEngine.ParticleSystem)
    Field _rainParticlesHeli = Rain Heli (UnityEngine.ParticleSystem)
    Field _butterflyParticles = null
    Field _windyLeavesParticles = null
    Field _windZone = WindZone (UnityEngine.WindZone)
    Field _snowObject = null
    Field _rainSplashParticles = Splashes (UnityEngine.ParticleSystem)
    Field _snowParticles = null
    Field _snowMistFogParticles = null
    Field _cameraObject = MainCamera (UnityEngine.GameObject)
    Field _lightningSource = Lightning (UnityEngine.Light)
    Field _lightningFlashOnDuration = 0.3
    Field _lightningFlashFadeDuration = 2
    Field _lightningMinTriggerTime = 5
    Field _lightningMaxTriggerTime = 10
    Field _lightningMinIntensity = 1
    Field _lightningMaxIntensity = 1
    Field _thunderSoundGroup = Thunder
    Field _rainSoundGroup = Rain
    Field _windSoundGroup = Wind
    Field _editorTabID = 1
    Field _disableUpdate = false
    Field _useStartTime = true
    Field _useStartWeather = true
    Field _startWeather = normal
    Field _vehicleHeadLightIntensity = 1.5
    Field _vehicleLightsOnPeriodPlayer = TimeOfDay.TimeOfDayPeriodDef
    Field _vehicleLightsOnPeriodAI = TimeOfDay.TimeOfDayPeriodDef
    Field _washingLineEmptyPeriod = TimeOfDay.TimeOfDayPeriodDef
    Field _rainsplashTilesX = 4
    Field _rainsplashTilesY = 4
    Field _rainsplashTexture = RippleSheet_Wet (UnityEngine.Texture2D)
    Field _rainsplashNormalTexture = RippleSheet_Normal (UnityEngine.Texture2D)
    Field _rainsplashNoiseSpeed = 50
    Field _rainsplashSpeed = 8
    Field _rainsplashIntensity = 0.5
    Field _streetLightController = TimeOfDayManager (StreetLightController)
